<?xml version="1.0" encoding="UTF-8"?>
<testng-results ignored="1" total="2" passed="1" failed="0" skipped="0">
  <reporter-output>
  </reporter-output>
  <suite started-at="2022-11-14T18:05:56 EST" name="Default suite" finished-at="2022-11-14T18:05:56 EST" duration-ms="66">
    <groups>
    </groups>
    <test started-at="2022-11-14T18:05:56 EST" name="Default test" finished-at="2022-11-14T18:05:56 EST" duration-ms="66">
      <class name="SanityTests">
        <test-method signature="canRunNGTest()[pri:0, instance:SanityTests@3c947bc5]" started-at="2022-11-14T18:05:56 EST" name="canRunNGTest" finished-at="2022-11-14T18:05:56 EST" duration-ms="12" status="PASS">
          <reporter-output>
          </reporter-output>
        </test-method> <!-- canRunNGTest -->
      </class> <!-- SanityTests -->
    </test> <!-- Default test -->
  </suite> <!-- Default suite -->
</testng-results>
